[23:35:42] [main/INFO]: Loading Minecraft 26.1.2 with Fabric Loader 0.19.2
[23:35:42] [main/INFO]: Loading 4 mods:
	- fabricloader 0.19.2
	   \-- mixinextras 0.5.4
	- java 25
	- minecraft 26.1.2
[23:35:42] [main/INFO]: SpongePowered MIXIN Subsystem Version=0.8.7 Source=file:/C:/Users/Leon/Documents/dwptestlauncher/content/libraries/net/fabricmc/sponge-mixin/0.17.2+mixin.0.8.7/sponge-mixin-0.17.2+mixin.0.8.7.jar Service=Knot/Fabric Env=CLIENT
[23:35:43] [Datafixer Bootstrap/INFO]: 291 Datafixer optimizations took 252 milliseconds
[23:35:47] [main/INFO]: Completely ignored arguments: [--userType, msa]
[23:35:47] [Render thread/INFO]: Environment: Environment[sessionHost=https://sessionserver.mojang.com, servicesHost=https://api.minecraftservices.com, profilesHost=https://api.mojang.com, name=PROD]
[23:35:47] [Render thread/INFO]: Setting user: Raderth
[23:35:47] [Render thread/INFO]: Backend library: LWJGL version 3.4.1-snapshot
[23:35:47] [Download-2/ERROR]: Failed to fetch user properties
com.mojang.authlib.exceptions.InvalidCredentialsException: Status: 401
	at knot//com.mojang.authlib.exceptions.MinecraftClientHttpException.toAuthenticationException(MinecraftClientHttpException.java:59)
	at knot//com.mojang.authlib.yggdrasil.YggdrasilUserApiService.fetchProperties(YggdrasilUserApiService.java:150)
	at knot//net.minecraft.client.Minecraft.lambda$new$1(Minecraft.java:459)
	at java.base/java.util.concurrent.CompletableFuture$AsyncSupply.run(Unknown Source)
	at java.base/java.util.concurrent.ThreadPoolExecutor.runWorker(Unknown Source)
	at java.base/java.util.concurrent.ThreadPoolExecutor$Worker.run(Unknown Source)
	at java.base/java.lang.Thread.run(Unknown Source)
Caused by: com.mojang.authlib.exceptions.MinecraftClientHttpException: Status: 401
	at knot//com.mojang.authlib.minecraft.client.MinecraftClient.readInputStream(MinecraftClient.java:103)
	at knot//com.mojang.authlib.minecraft.client.MinecraftClient.get(MinecraftClient.java:56)
	at knot//com.mojang.authlib.yggdrasil.YggdrasilUserApiService.fetchProperties(YggdrasilUserApiService.java:121)
	... 5 more
[23:35:47] [Render thread/INFO]: Using optional rendering extensions: GL_ARB_buffer_storage, GL_KHR_debug, GL_ARB_vertex_attrib_binding, GL_ARB_direct_state_access, GL_EXT_texture_filter_anisotropic
[23:35:48] [Render thread/INFO]: Reloading ResourceManager: vanilla
[23:35:48] [Download-1/INFO]: Could not authorize you against Realms server: java.lang.RuntimeException: Failed to parse into SignedJWT: custom_80ef873da9876d43580eae32d9e54afd959fe3e4e0a1e282
[23:35:48] [Download-1/ERROR]: Failed to fetch Realms feature flags
com.mojang.realmsclient.exception.RealmsServiceException: Realms authentication error with message 'java.lang.RuntimeException: Failed to parse into SignedJWT: custom_80ef873da9876d43580eae32d9e54afd959fe3e4e0a1e282'
	at knot//com.mojang.realmsclient.client.RealmsClient.execute(RealmsClient.java:526)
	at knot//com.mojang.realmsclient.client.RealmsClient.fetchFeatureFlags(RealmsClient.java:186)
	at java.base/java.util.concurrent.CompletableFuture$AsyncSupply.run(Unknown Source)
	at java.base/java.util.concurrent.ThreadPoolExecutor.runWorker(Unknown Source)
	at java.base/java.util.concurrent.ThreadPoolExecutor$Worker.run(Unknown Source)
	at java.base/java.lang.Thread.run(Unknown Source)
[23:35:48] [Worker-Main-10/INFO]: Found unifont_all_no_pua-17.0.01.hex, loading
[23:35:48] [Worker-Main-8/INFO]: Found unifont_pua-17.0.01.hex, loading
[23:35:48] [Worker-Main-9/INFO]: Found unifont_jp_patch-17.0.01.hex, loading
[23:35:49] [Render thread/INFO]: OpenAL initialized on device OpenAL Soft on Headphones (2- BT20 Pro)
[23:35:49] [Render thread/INFO]: Sound engine started
[23:35:49] [Render thread/INFO]: Created: 512x256x0 minecraft:textures/atlas/particles.png-atlas
[23:35:49] [Render thread/INFO]: Created: 128x128x0 minecraft:textures/atlas/decorated_pot.png-atlas
[23:35:49] [Render thread/INFO]: Created: 2048x1024x0 minecraft:textures/atlas/armor_trims.png-atlas
[23:35:49] [Render thread/INFO]: Created: 512x256x0 minecraft:textures/atlas/paintings.png-atlas
[23:35:49] [Render thread/INFO]: Created: 1024x512x0 minecraft:textures/atlas/shield_patterns.png-atlas
[23:35:49] [Render thread/INFO]: Created: 2048x2048x4 minecraft:textures/atlas/blocks.png-atlas
[23:35:49] [Render thread/INFO]: Created: 512x512x0 minecraft:textures/atlas/chest.png-atlas
[23:35:49] [Render thread/INFO]: Created: 256x128x0 minecraft:textures/atlas/celestials.png-atlas
[23:35:49] [Render thread/INFO]: Created: 1024x512x0 minecraft:textures/atlas/banner_patterns.png-atlas
[23:35:49] [Render thread/INFO]: Created: 512x512x0 minecraft:textures/atlas/beds.png-atlas
[23:35:49] [Render thread/INFO]: Created: 1024x512x0 minecraft:textures/atlas/items.png-atlas
[23:35:49] [Render thread/INFO]: Created: 1024x1024x0 minecraft:textures/atlas/gui.png-atlas
[23:35:49] [Render thread/INFO]: Created: 128x64x0 minecraft:textures/atlas/map_decorations.png-atlas
[23:35:49] [Render thread/INFO]: Created: 512x256x0 minecraft:textures/atlas/signs.png-atlas
[23:35:49] [Render thread/INFO]: Created: 512x512x0 minecraft:textures/atlas/shulker_boxes.png-atlas
[23:35:53] [Render thread/INFO]: Stopping!
